#
# There is insufficient memory for the Java Runtime Environment to continue.
# Native memory allocation (malloc) failed to allocate 1570816 bytes for Chunk::new
# Possible reasons:
#   The system is out of physical RAM or swap space
#   The process is running with CompressedOops enabled, and the Java Heap may be blocking the growth of the native heap
# Possible solutions:
#   Reduce memory load on the system
#   Increase physical memory or swap space
#   Check if swap backing store is full
#   Decrease Java heap size (-Xmx/-Xms)
#   Decrease number of Java threads
#   Decrease Java thread stack sizes (-Xss)
#   Set larger code cache with -XX:ReservedCodeCacheSize=
#   JVM is running with Unscaled Compressed Oops mode in which the Java heap is
#     placed in the first 4GB address space. The Java Heap base address is the
#     maximum limit for the native heap growth. Please use -XX:HeapBaseMinAddress
#     to set the Java Heap base and to place the Java Heap above 4GB virtual address.
# This output file may be truncated or incomplete.
#
#  Out of Memory Error (arena.cpp:189), pid=13556, tid=12716
#
# JRE version: Java(TM) SE Runtime Environment (17.0.5+9) (build 17.0.5+9-LTS-191)
# Java VM: Java HotSpot(TM) 64-Bit Server VM (17.0.5+9-LTS-191, mixed mode, sharing, tiered, compressed oops, compressed class ptrs, g1 gc, windows-amd64)
# No core dump will be written. Minidumps are not enabled by default on client versions of Windows
#

---------------  S U M M A R Y ------------

Command Line: -javaagent:C:\Program Files\JetBrains\IntelliJ IDEA Community Edition 2022.3.2\lib\idea_rt.jar=53610:C:\Program Files\JetBrains\IntelliJ IDEA Community Edition 2022.3.2\bin -Dfile.encoding=UTF-8 org.example.MemberApplication

Host: Intel(R) Core(TM) i5-7200U CPU @ 2.50GHz, 4 cores, 7G,  Windows 10 , 64 bit Build 19041 (10.0.19041.3636)
Time: Wed Mar  6 21:14:18 2024  Windows 10 , 64 bit Build 19041 (10.0.19041.3636) elapsed time: 19.201506 seconds (0d 0h 0m 19s)

---------------  T H R E A D  ---------------

Current thread (0x000002645d2ebbd0):  JavaThread "C2 CompilerThread1" daemon [_thread_in_native, id=12716, stack(0x000000f8c6900000,0x000000f8c6a00000)]


Current CompileTask:
C2:  19201 5812       4       org.springframework.core.annotation.AnnotationsScanner::scan (21 bytes)

Stack: [0x000000f8c6900000,0x000000f8c6a00000]
Native frames: (J=compiled Java code, j=interpreted, Vv=VM code, C=native code)
V  [jvm.dll+0x672eea]
V  [jvm.dll+0x7d2a04]
V  [jvm.dll+0x7d41ae]
V  [jvm.dll+0x7d4813]
V  [jvm.dll+0x242c15]
V  [jvm.dll+0xaa57b]
V  [jvm.dll+0xaab0c]
V  [jvm.dll+0x35ff97]
V  [jvm.dll+0x1b9902]
V  [jvm.dll+0x215e19]
V  [jvm.dll+0x2150e1]
V  [jvm.dll+0x1a18ed]
V  [jvm.dll+0x22493a]
V  [jvm.dll+0x222aa5]
V  [jvm.dll+0x7885db]
V  [jvm.dll+0x782b4a]
V  [jvm.dll+0x671d75]
C  [ucrtbase.dll+0x21bb2]
C  [KERNEL32.DLL+0x17344]
C  [ntdll.dll+0x526b1]


---------------  P R O C E S S  ---------------

Threads class SMR info:
_java_thread_list=0x00000264613565c0, length=22, elements={
0x000002643e19fe20, 0x000002645ba15f30, 0x000002645ba17590, 0x000002645ba31310,
0x000002645ba33ce0, 0x000002645ba34d40, 0x000002645ba35600, 0x000002645ba362a0,
0x000002645ba3e050, 0x000002645ba50050, 0x000002645c4a2ec0, 0x000002645cabb8e0,
0x000002645cb03fa0, 0x000002645d2bb120, 0x000002645cf89ad0, 0x000002645eeb4490,
0x000002645eeb3fc0, 0x000002645d928600, 0x000002645d929e10, 0x000002645d928ad0,
0x000002645d2ebbd0, 0x000002645d92b150
}

Java Threads: ( => current thread )
  0x000002643e19fe20 JavaThread "main" [_thread_blocked, id=13828, stack(0x000000f8c5800000,0x000000f8c5900000)]
  0x000002645ba15f30 JavaThread "Reference Handler" daemon [_thread_blocked, id=16616, stack(0x000000f8c5f00000,0x000000f8c6000000)]
  0x000002645ba17590 JavaThread "Finalizer" daemon [_thread_blocked, id=2836, stack(0x000000f8c6000000,0x000000f8c6100000)]
  0x000002645ba31310 JavaThread "Signal Dispatcher" daemon [_thread_blocked, id=6324, stack(0x000000f8c6100000,0x000000f8c6200000)]
  0x000002645ba33ce0 JavaThread "Attach Listener" daemon [_thread_blocked, id=2460, stack(0x000000f8c6200000,0x000000f8c6300000)]
  0x000002645ba34d40 JavaThread "Service Thread" daemon [_thread_blocked, id=3064, stack(0x000000f8c6300000,0x000000f8c6400000)]
  0x000002645ba35600 JavaThread "Monitor Deflation Thread" daemon [_thread_blocked, id=716, stack(0x000000f8c6400000,0x000000f8c6500000)]
  0x000002645ba362a0 JavaThread "C2 CompilerThread0" daemon [_thread_in_native, id=15516, stack(0x000000f8c6500000,0x000000f8c6600000)]
  0x000002645ba3e050 JavaThread "C1 CompilerThread0" daemon [_thread_blocked, id=11536, stack(0x000000f8c6600000,0x000000f8c6700000)]
  0x000002645ba50050 JavaThread "Sweeper thread" daemon [_thread_blocked, id=12908, stack(0x000000f8c6700000,0x000000f8c6800000)]
  0x000002645c4a2ec0 JavaThread "Common-Cleaner" daemon [_thread_blocked, id=16344, stack(0x000000f8c6800000,0x000000f8c6900000)]
  0x000002645cabb8e0 JavaThread "Monitor Ctrl-Break" daemon [_thread_in_native, id=1084, stack(0x000000f8c6a00000,0x000000f8c6b00000)]
  0x000002645cb03fa0 JavaThread "Notification Thread" daemon [_thread_blocked, id=11496, stack(0x000000f8c6b00000,0x000000f8c6c00000)]
  0x000002645d2bb120 JavaThread "Thread-0" [_thread_blocked, id=9924, stack(0x000000f8c7000000,0x000000f8c7100000)]
  0x000002645cf89ad0 JavaThread "restartedMain" [_thread_in_vm, id=7452, stack(0x000000f8c7100000,0x000000f8c7200000)]
  0x000002645eeb4490 JavaThread "Catalina-utility-1" [_thread_blocked, id=2312, stack(0x000000f8c7200000,0x000000f8c7300000)]
  0x000002645eeb3fc0 JavaThread "Catalina-utility-2" [_thread_blocked, id=4596, stack(0x000000f8c7300000,0x000000f8c7400000)]
  0x000002645d928600 JavaThread "container-0" [_thread_blocked, id=13832, stack(0x000000f8c7400000,0x000000f8c7500000)]
  0x000002645d929e10 JavaThread "mysql-cj-abandoned-connection-cleanup" daemon [_thread_blocked, id=17320, stack(0x000000f8c7500000,0x000000f8c7600000)]
  0x000002645d928ad0 JavaThread "HikariPool-1 housekeeper" daemon [_thread_blocked, id=15976, stack(0x000000f8c7700000,0x000000f8c7800000)]
=>0x000002645d2ebbd0 JavaThread "C2 CompilerThread1" daemon [_thread_in_native, id=12716, stack(0x000000f8c6900000,0x000000f8c6a00000)]
  0x000002645d92b150 JavaThread "Live Reload Server" daemon [_thread_in_native, id=15784, stack(0x000000f8c7900000,0x000000f8c7a00000)]

Other Threads:
  0x000002645ba0dfb0 VMThread "VM Thread" [stack: 0x000000f8c5e00000,0x000000f8c5f00000] [id=16216]
  0x000002645cb04470 WatcherThread [stack: 0x000000f8c6c00000,0x000000f8c6d00000] [id=17144]
  0x000002643e1fa780 GCTaskThread "GC Thread#0" [stack: 0x000000f8c5900000,0x000000f8c5a00000] [id=992]
  0x000002645cc7d9c0 GCTaskThread "GC Thread#1" [stack: 0x000000f8c6d00000,0x000000f8c6e00000] [id=16376]
  0x000002645cd52450 GCTaskThread "GC Thread#2" [stack: 0x000000f8c6e00000,0x000000f8c6f00000] [id=13564]
  0x000002645cf559c0 GCTaskThread "GC Thread#3" [stack: 0x000000f8c6f00000,0x000000f8c7000000] [id=17380]
  0x000002643e20c720 ConcurrentGCThread "G1 Main Marker" [stack: 0x000000f8c5a00000,0x000000f8c5b00000] [id=12916]
  0x000002643e20d040 ConcurrentGCThread "G1 Conc#0" [stack: 0x000000f8c5b00000,0x000000f8c5c00000] [id=17236]
  0x000002643e25da70 ConcurrentGCThread "G1 Refine#0" [stack: 0x000000f8c5c00000,0x000000f8c5d00000] [id=14612]
  0x000002643e25ebb0 ConcurrentGCThread "G1 Service" [stack: 0x000000f8c5d00000,0x000000f8c5e00000] [id=8844]

Threads with active compile tasks:
C2 CompilerThread0    19262 5815       4       org.springframework.core.annotation.TypeMappedAnnotations::scan (66 bytes)
C2 CompilerThread1    19262 5812       4       org.springframework.core.annotation.AnnotationsScanner::scan (21 bytes)

VM state: not at safepoint (normal execution)

VM Mutex/Monitor currently owned by a thread: None

Heap address: 0x0000000081600000, size: 2026 MB, Compressed Oops mode: 32-bit

CDS archive(s) mapped at: [0x0000000800000000-0x0000000800bd0000-0x0000000800bd0000), size 12386304, SharedBaseAddress: 0x0000000800000000, ArchiveRelocationMode: 0.
Compressed class space mapped at: 0x0000000800c00000-0x0000000840c00000, reserved size: 1073741824
Narrow klass base: 0x0000000800000000, Narrow klass shift: 0, Narrow klass range: 0x100000000

GC Precious Log:
 CPUs: 4 total, 4 available
 Memory: 8103M
 Large Page Support: Disabled
 NUMA Support: Disabled
 Compressed Oops: Enabled (32-bit)
 Heap Region Size: 1M
 Heap Min Capacity: 8M
 Heap Initial Capacity: 128M
 Heap Max Capacity: 2026M
 Pre-touch: Disabled
 Parallel Workers: 4
 Concurrent Workers: 1
 Concurrent Refinement Workers: 4
 Periodic GC: Disabled

Heap:
 garbage-first heap   total 66560K, used 45286K [0x0000000081600000, 0x0000000100000000)
  region size 1024K, 14 young (14336K), 3 survivors (3072K)
 Metaspace       used 65550K, committed 66048K, reserved 1114112K
  class space    used 9075K, committed 9280K, reserved 1048576K

Heap Regions: E=young(eden), S=young(survivor), O=old, HS=humongous(starts), HC=humongous(continues), CS=collection set, F=free, OA=open archive, CA=closed archive, TAMS=top-at-mark-start (previous, next)
|   0|0x0000000081600000, 0x0000000081700000, 0x0000000081700000|100%|HS|  |TAMS 0x0000000081700000, 0x0000000081600000| Complete 
|   1|0x0000000081700000, 0x0000000081800000, 0x0000000081800000|100%|HS|  |TAMS 0x0000000081800000, 0x0000000081700000| Complete 
|   2|0x0000000081800000, 0x0000000081900000, 0x0000000081900000|100%| O|  |TAMS 0x0000000081900000, 0x0000000081800000| Untracked 
|   3|0x0000000081900000, 0x0000000081a00000, 0x0000000081a00000|100%| O|  |TAMS 0x0000000081a00000, 0x0000000081900000| Untracked 
|   4|0x0000000081a00000, 0x0000000081b00000, 0x0000000081b00000|100%| O|  |TAMS 0x0000000081b00000, 0x0000000081a00000| Untracked 
|   5|0x0000000081b00000, 0x0000000081c00000, 0x0000000081c00000|100%| O|  |TAMS 0x0000000081c00000, 0x0000000081b00000| Untracked 
|   6|0x0000000081c00000, 0x0000000081d00000, 0x0000000081d00000|100%| O|  |TAMS 0x0000000081d00000, 0x0000000081c00000| Untracked 
|   7|0x0000000081d00000, 0x0000000081ddea00, 0x0000000081e00000| 86%| O|  |TAMS 0x0000000081ddea00, 0x0000000081d00000| Untracked 
|   8|0x0000000081e00000, 0x0000000081f00000, 0x0000000081f00000|100%| O|  |TAMS 0x0000000081f00000, 0x0000000081e00000| Untracked 
|   9|0x0000000081f00000, 0x0000000082000000, 0x0000000082000000|100%| O|  |TAMS 0x0000000082000000, 0x0000000081f00000| Untracked 
|  10|0x0000000082000000, 0x0000000082100000, 0x0000000082100000|100%| O|  |TAMS 0x0000000082100000, 0x0000000082000000| Untracked 
|  11|0x0000000082100000, 0x0000000082200000, 0x0000000082200000|100%| O|  |TAMS 0x0000000082200000, 0x0000000082100000| Untracked 
|  12|0x0000000082200000, 0x0000000082300000, 0x0000000082300000|100%| O|  |TAMS 0x0000000082300000, 0x0000000082200000| Untracked 
|  13|0x0000000082300000, 0x0000000082400000, 0x0000000082400000|100%| O|  |TAMS 0x0000000082400000, 0x0000000082300000| Untracked 
|  14|0x0000000082400000, 0x0000000082500000, 0x0000000082500000|100%| O|  |TAMS 0x0000000082500000, 0x0000000082400000| Untracked 
|  15|0x0000000082500000, 0x0000000082600000, 0x0000000082600000|100%| O|  |TAMS 0x0000000082600000, 0x0000000082500000| Untracked 
|  16|0x0000000082600000, 0x0000000082700000, 0x0000000082700000|100%| O|  |TAMS 0x0000000082700000, 0x0000000082600000| Untracked 
|  17|0x0000000082700000, 0x0000000082800000, 0x0000000082800000|100%| O|  |TAMS 0x0000000082800000, 0x0000000082700000| Untracked 
|  18|0x0000000082800000, 0x0000000082900000, 0x0000000082900000|100%| O|  |TAMS 0x0000000082900000, 0x0000000082800000| Untracked 
|  19|0x0000000082900000, 0x0000000082a00000, 0x0000000082a00000|100%| O|  |TAMS 0x0000000082a00000, 0x0000000082900000| Untracked 
|  20|0x0000000082a00000, 0x0000000082b00000, 0x0000000082b00000|100%| O|  |TAMS 0x0000000082b00000, 0x0000000082a00000| Untracked 
|  21|0x0000000082b00000, 0x0000000082c00000, 0x0000000082c00000|100%| O|  |TAMS 0x0000000082c00000, 0x0000000082b00000| Untracked 
|  22|0x0000000082c00000, 0x0000000082d00000, 0x0000000082d00000|100%| O|  |TAMS 0x0000000082d00000, 0x0000000082c00000| Untracked 
|  23|0x0000000082d00000, 0x0000000082e00000, 0x0000000082e00000|100%| O|  |TAMS 0x0000000082e00000, 0x0000000082d00000| Untracked 
|  24|0x0000000082e00000, 0x0000000082f00000, 0x0000000082f00000|100%| O|  |TAMS 0x0000000082f00000, 0x0000000082e00000| Untracked 
|  25|0x0000000082f00000, 0x0000000083000000, 0x0000000083000000|100%| O|  |TAMS 0x0000000083000000, 0x0000000082f00000| Untracked 
|  26|0x0000000083000000, 0x0000000083100000, 0x0000000083100000|100%| O|  |TAMS 0x0000000083100000, 0x0000000083000000| Untracked 
|  27|0x0000000083100000, 0x0000000083200000, 0x0000000083200000|100%| O|  |TAMS 0x0000000083200000, 0x0000000083100000| Untracked 
|  28|0x0000000083200000, 0x0000000083300000, 0x0000000083300000|100%| O|  |TAMS 0x0000000083300000, 0x0000000083200000| Untracked 
|  29|0x0000000083300000, 0x0000000083400000, 0x0000000083400000|100%| O|  |TAMS 0x0000000083400000, 0x0000000083300000| Untracked 
|  30|0x0000000083400000, 0x0000000083500000, 0x0000000083500000|100%| O|  |TAMS 0x00000000834de400, 0x0000000083400000| Untracked 
|  31|0x0000000083500000, 0x000000008355ae00, 0x0000000083600000| 35%| O|  |TAMS 0x0000000083500000, 0x0000000083500000| Untracked 
|  32|0x0000000083600000, 0x0000000083600000, 0x0000000083700000|  0%| F|  |TAMS 0x0000000083600000, 0x0000000083600000| Untracked 
|  33|0x0000000083700000, 0x0000000083700000, 0x0000000083800000|  0%| F|  |TAMS 0x0000000083700000, 0x0000000083700000| Untracked 
|  34|0x0000000083800000, 0x0000000083800000, 0x0000000083900000|  0%| F|  |TAMS 0x0000000083800000, 0x0000000083800000| Untracked 
|  35|0x0000000083900000, 0x0000000083900000, 0x0000000083a00000|  0%| F|  |TAMS 0x0000000083900000, 0x0000000083900000| Untracked 
|  36|0x0000000083a00000, 0x0000000083a00000, 0x0000000083b00000|  0%| F|  |TAMS 0x0000000083a00000, 0x0000000083a00000| Untracked 
|  37|0x0000000083b00000, 0x0000000083b00000, 0x0000000083c00000|  0%| F|  |TAMS 0x0000000083b00000, 0x0000000083b00000| Untracked 
|  38|0x0000000083c00000, 0x0000000083c00000, 0x0000000083d00000|  0%| F|  |TAMS 0x0000000083c00000, 0x0000000083c00000| Untracked 
|  39|0x0000000083d00000, 0x0000000083e00000, 0x0000000083e00000|100%| S|CS|TAMS 0x0000000083d00000, 0x0000000083d00000| Complete 
|  40|0x0000000083e00000, 0x0000000083e00000, 0x0000000083f00000|  0%| F|  |TAMS 0x0000000083e00000, 0x0000000083e00000| Untracked 
|  41|0x0000000083f00000, 0x0000000084000000, 0x0000000084000000|100%| S|CS|TAMS 0x0000000083f00000, 0x0000000083f00000| Complete 
|  42|0x0000000084000000, 0x0000000084000000, 0x0000000084100000|  0%| F|  |TAMS 0x0000000084000000, 0x0000000084000000| Untracked 
|  43|0x0000000084100000, 0x0000000084200000, 0x0000000084200000|100%| S|CS|TAMS 0x0000000084100000, 0x0000000084100000| Complete 
|  44|0x0000000084200000, 0x0000000084200000, 0x0000000084300000|  0%| F|  |TAMS 0x0000000084200000, 0x0000000084200000| Untracked 
|  45|0x0000000084300000, 0x0000000084300000, 0x0000000084400000|  0%| F|  |TAMS 0x0000000084300000, 0x0000000084300000| Untracked 
|  46|0x0000000084400000, 0x0000000084400000, 0x0000000084500000|  0%| F|  |TAMS 0x0000000084400000, 0x0000000084400000| Untracked 
|  47|0x0000000084500000, 0x0000000084500000, 0x0000000084600000|  0%| F|  |TAMS 0x0000000084500000, 0x0000000084500000| Untracked 
|  48|0x0000000084600000, 0x0000000084600000, 0x0000000084700000|  0%| F|  |TAMS 0x0000000084600000, 0x0000000084600000| Untracked 
|  49|0x0000000084700000, 0x0000000084700000, 0x0000000084800000|  0%| F|  |TAMS 0x0000000084700000, 0x0000000084700000| Untracked 
|  50|0x0000000084800000, 0x0000000084800000, 0x0000000084900000|  0%| F|  |TAMS 0x0000000084800000, 0x0000000084800000| Untracked 
|  51|0x0000000084900000, 0x0000000084900000, 0x0000000084a00000|  0%| F|  |TAMS 0x0000000084900000, 0x0000000084900000| Untracked 
|  52|0x0000000084a00000, 0x0000000084a00000, 0x0000000084b00000|  0%| F|  |TAMS 0x0000000084a00000, 0x0000000084a00000| Untracked 
|  53|0x0000000084b00000, 0x0000000084b00000, 0x0000000084c00000|  0%| F|  |TAMS 0x0000000084b00000, 0x0000000084b00000| Untracked 
|  54|0x0000000084c00000, 0x0000000084cc0bd0, 0x0000000084d00000| 75%| E|  |TAMS 0x0000000084c00000, 0x0000000084c00000| Complete 
|  55|0x0000000084d00000, 0x0000000084e00000, 0x0000000084e00000|100%| E|CS|TAMS 0x0000000084d00000, 0x0000000084d00000| Complete 
|  56|0x0000000084e00000, 0x0000000084f00000, 0x0000000084f00000|100%| E|CS|TAMS 0x0000000084e00000, 0x0000000084e00000| Complete 
|  59|0x0000000085100000, 0x0000000085200000, 0x0000000085200000|100%| E|CS|TAMS 0x0000000085100000, 0x0000000085100000| Complete 
|  60|0x0000000085200000, 0x0000000085300000, 0x0000000085300000|100%| E|CS|TAMS 0x0000000085200000, 0x0000000085200000| Complete 
|  61|0x0000000085300000, 0x0000000085400000, 0x0000000085400000|100%| E|CS|TAMS 0x0000000085300000, 0x0000000085300000| Complete 
|  62|0x0000000085400000, 0x0000000085500000, 0x0000000085500000|100%| E|CS|TAMS 0x0000000085400000, 0x0000000085400000| Complete 
|  63|0x0000000085500000, 0x0000000085600000, 0x0000000085600000|100%| E|CS|TAMS 0x0000000085500000, 0x0000000085500000| Complete 
|  64|0x0000000085600000, 0x0000000085700000, 0x0000000085700000|100%| E|CS|TAMS 0x0000000085600000, 0x0000000085600000| Complete 
|  65|0x0000000085700000, 0x0000000085800000, 0x0000000085800000|100%| E|CS|TAMS 0x0000000085700000, 0x0000000085700000| Complete 
| 127|0x0000000089500000, 0x0000000089600000, 0x0000000089600000|100%| E|CS|TAMS 0x0000000089500000, 0x0000000089500000| Complete 

Card table byte_map: [0x0000026454e00000,0x0000026455200000] _byte_map_base: 0x00000264549f5000

Marking Bits (Prev, Next): (CMBitMap*) 0x000002643e1fc0b0, (CMBitMap*) 0x000002643e1fc0f0
 Prev Bits: [0x0000026455600000, 0x00000264575a8000)
 Next Bits: [0x00000264575b0000, 0x0000026459558000)

Polling page: 0x000002643c160000

Metaspace:

Usage:
  Non-class:     55.17 MB used.
      Class:      8.86 MB used.
       Both:     64.03 MB used.

Virtual space:
  Non-class space:       64.00 MB reserved,      55.44 MB ( 87%) committed,  8 nodes.
      Class space:        1.00 GB reserved,       9.06 MB ( <1%) committed,  1 nodes.
             Both:        1.06 GB reserved,      64.50 MB (  6%) committed. 

Chunk freelists:
   Non-Class:  3.64 MB
       Class:  2.75 MB
        Both:  6.38 MB

MaxMetaspaceSize: unlimited
CompressedClassSpaceSize: 1.00 GB
Initial GC threshold: 21.00 MB
Current GC threshold: 101.88 MB
CDS: on
MetaspaceReclaimPolicy: balanced
 - commit_granule_bytes: 65536.
 - commit_granule_words: 8192.
 - virtual_space_node_default_size: 1048576.
 - enlarge_chunks_in_place: 1.
 - new_chunks_are_fully_committed: 0.
 - uncommit_free_chunks: 1.
 - use_allocation_guard: 0.
 - handle_deallocations: 1.


Internal statistics:

num_allocs_failed_limit: 9.
num_arena_births: 694.
num_arena_deaths: 2.
num_vsnodes_births: 9.
num_vsnodes_deaths: 0.
num_space_committed: 1032.
num_space_uncommitted: 0.
num_chunks_returned_to_freelist: 12.
num_chunks_taken_from_freelist: 3102.
num_chunk_merges: 3.
num_chunk_splits: 2229.
num_chunks_enlarged: 1768.
num_purges: 2.
num_inconsistent_stats: 0.

CodeHeap 'non-profiled nmethods': size=120000Kb used=4034Kb max_used=4042Kb free=115965Kb
 bounds [0x000002644d4d0000, 0x000002644d8d0000, 0x0000026454a00000]
CodeHeap 'profiled nmethods': size=120000Kb used=10630Kb max_used=10630Kb free=109369Kb
 bounds [0x0000026445fa0000, 0x0000026446a10000, 0x000002644d4d0000]
CodeHeap 'non-nmethods': size=5760Kb used=1319Kb max_used=1401Kb free=4440Kb
 bounds [0x0000026445a00000, 0x0000026445c70000, 0x0000026445fa0000]
 total_blobs=5850 nmethods=5200 adapters=562
 compilation: enabled
              stopped_count=0, restarted_count=0
 full_count=0

Compilation events (20 events):
Event: 19.002 Thread 0x000002645ba3e050 5972   !   2       jdk.proxy2.$Proxy31::annotationType (29 bytes)
Event: 19.002 Thread 0x000002645ba3e050 nmethod 5972 0x00000264469fe190 code [0x00000264469fe340, 0x00000264469fe5b8]
Event: 19.009 Thread 0x000002645ba3e050 5973       2       org.springframework.orm.jpa.support.PersistenceAnnotationBeanPostProcessor::requiresDestruction (11 bytes)
Event: 19.009 Thread 0x000002645ba3e050 nmethod 5973 0x00000264469fe710 code [0x00000264469fe8a0, 0x00000264469fe9c8]
Event: 19.009 Thread 0x000002645ba3e050 5974       2       org.springframework.beans.factory.annotation.InitDestroyAnnotationBeanPostProcessor::requiresDestruction (12 bytes)
Event: 19.009 Thread 0x000002645ba3e050 nmethod 5974 0x00000264469fea90 code [0x00000264469fec40, 0x00000264469fed98]
Event: 19.017 Thread 0x000002645ba3e050 5975   !   2       org.springframework.beans.factory.support.AbstractAutowireCapableBeanFactory::applyPropertyValues (489 bytes)
Event: 19.022 Thread 0x000002645ba3e050 nmethod 5975 0x00000264469fee90 code [0x00000264469ff320, 0x0000026446a014c8]
Event: 19.052 Thread 0x000002645ba3e050 5976       1       org.springframework.core.annotation.MissingMergedAnnotation::getDistance (2 bytes)
Event: 19.052 Thread 0x000002645ba3e050 nmethod 5976 0x000002644d8bfa90 code [0x000002644d8bfc20, 0x000002644d8bfcf8]
Event: 19.053 Thread 0x000002645ba362a0 nmethod 5793 0x000002644d8b1210 code [0x000002644d8b19c0, 0x000002644d8bb3d0]
Event: 19.057 Thread 0x000002645ba362a0 5937   !   4       org.springframework.core.annotation.AnnotationsScanner::processClassHierarchy (234 bytes)
Event: 19.114 Thread 0x000002645ba3e050 5977       2       org.springframework.web.context.support.ServletContextAwareProcessor::postProcessBeforeInitialization (60 bytes)
Event: 19.115 Thread 0x000002645ba3e050 nmethod 5977 0x0000026446a02a90 code [0x0000026446a02c80, 0x0000026446a03098]
Event: 19.135 Thread 0x000002645ba362a0 nmethod 5937 0x000002644d8bfd90 code [0x000002644d8c0080, 0x000002644d8c14f8]
Event: 19.135 Thread 0x000002645ba362a0 5815       4       org.springframework.core.annotation.TypeMappedAnnotations::scan (66 bytes)
Event: 19.148 Thread 0x000002645ba3e050 5979       2       java.util.stream.Streams$ConcatSpliterator::tryAdvance (54 bytes)
Event: 19.149 Thread 0x000002645ba3e050 nmethod 5979 0x0000026446a03290 code [0x0000026446a03440, 0x0000026446a03608]
Event: 19.161 Thread 0x000002645ba3e050 5980       2       org.springframework.util.ConcurrentReferenceHashMap::get (37 bytes)
Event: 19.161 Thread 0x000002645ba3e050 nmethod 5980 0x0000026446a03710 code [0x0000026446a038c0, 0x0000026446a03a78]

GC Heap History (20 events):
Event: 9.834 GC heap before
{Heap before GC invocations=10 (full 0):
 garbage-first heap   total 55296K, used 40685K [0x0000000081600000, 0x0000000100000000)
  region size 1024K, 18 young (18432K), 2 survivors (2048K)
 Metaspace       used 35722K, committed 36160K, reserved 1081344K
  class space    used 4637K, committed 4864K, reserved 1048576K
}
Event: 9.838 GC heap after
{Heap after GC invocations=11 (full 0):
 garbage-first heap   total 55296K, used 24963K [0x0000000081600000, 0x0000000100000000)
  region size 1024K, 3 young (3072K), 3 survivors (3072K)
 Metaspace       used 35722K, committed 36160K, reserved 1081344K
  class space    used 4637K, committed 4864K, reserved 1048576K
}
Event: 10.613 GC heap before
{Heap before GC invocations=12 (full 0):
 garbage-first heap   total 55296K, used 41347K [0x0000000081600000, 0x0000000100000000)
  region size 1024K, 19 young (19456K), 3 survivors (3072K)
 Metaspace       used 39151K, committed 39680K, reserved 1089536K
  class space    used 5194K, committed 5440K, reserved 1048576K
}
Event: 10.630 GC heap after
{Heap after GC invocations=13 (full 0):
 garbage-first heap   total 55296K, used 25814K [0x0000000081600000, 0x0000000100000000)
  region size 1024K, 2 young (2048K), 2 survivors (2048K)
 Metaspace       used 39151K, committed 39680K, reserved 1089536K
  class space    used 5194K, committed 5440K, reserved 1048576K
}
Event: 11.427 GC heap before
{Heap before GC invocations=13 (full 0):
 garbage-first heap   total 55296K, used 42198K [0x0000000081600000, 0x0000000100000000)
  region size 1024K, 19 young (19456K), 2 survivors (2048K)
 Metaspace       used 44098K, committed 44544K, reserved 1089536K
  class space    used 5820K, committed 6016K, reserved 1048576K
}
Event: 11.431 GC heap after
{Heap after GC invocations=14 (full 0):
 garbage-first heap   total 66560K, used 27386K [0x0000000081600000, 0x0000000100000000)
  region size 1024K, 3 young (3072K), 3 survivors (3072K)
 Metaspace       used 44098K, committed 44544K, reserved 1089536K
  class space    used 5820K, committed 6016K, reserved 1048576K
}
Event: 12.481 GC heap before
{Heap before GC invocations=14 (full 0):
 garbage-first heap   total 66560K, used 50938K [0x0000000081600000, 0x0000000100000000)
  region size 1024K, 27 young (27648K), 3 survivors (3072K)
 Metaspace       used 49488K, committed 49920K, reserved 1097728K
  class space    used 6550K, committed 6720K, reserved 1048576K
}
Event: 12.486 GC heap after
{Heap after GC invocations=15 (full 0):
 garbage-first heap   total 66560K, used 28869K [0x0000000081600000, 0x0000000100000000)
  region size 1024K, 4 young (4096K), 4 survivors (4096K)
 Metaspace       used 49488K, committed 49920K, reserved 1097728K
  class space    used 6550K, committed 6720K, reserved 1048576K
}
Event: 13.289 GC heap before
{Heap before GC invocations=15 (full 0):
 garbage-first heap   total 66560K, used 50373K [0x0000000081600000, 0x0000000100000000)
  region size 1024K, 26 young (26624K), 4 survivors (4096K)
 Metaspace       used 55462K, committed 55936K, reserved 1097728K
  class space    used 7577K, committed 7808K, reserved 1048576K
}
Event: 13.294 GC heap after
{Heap after GC invocations=16 (full 0):
 garbage-first heap   total 66560K, used 29915K [0x0000000081600000, 0x0000000100000000)
  region size 1024K, 3 young (3072K), 3 survivors (3072K)
 Metaspace       used 55462K, committed 55936K, reserved 1097728K
  class space    used 7577K, committed 7808K, reserved 1048576K
}
Event: 14.685 GC heap before
{Heap before GC invocations=16 (full 0):
 garbage-first heap   total 66560K, used 52443K [0x0000000081600000, 0x0000000100000000)
  region size 1024K, 26 young (26624K), 3 survivors (3072K)
 Metaspace       used 60161K, committed 60608K, reserved 1105920K
  class space    used 8200K, committed 8384K, reserved 1048576K
}
Event: 14.693 GC heap after
{Heap after GC invocations=17 (full 0):
 garbage-first heap   total 66560K, used 31689K [0x0000000081600000, 0x0000000100000000)
  region size 1024K, 3 young (3072K), 3 survivors (3072K)
 Metaspace       used 60161K, committed 60608K, reserved 1105920K
  class space    used 8200K, committed 8384K, reserved 1048576K
}
Event: 14.707 GC heap before
{Heap before GC invocations=17 (full 0):
 garbage-first heap   total 66560K, used 32713K [0x0000000081600000, 0x0000000100000000)
  region size 1024K, 5 young (5120K), 3 survivors (3072K)
 Metaspace       used 60191K, committed 60608K, reserved 1105920K
  class space    used 8206K, committed 8384K, reserved 1048576K
}
Event: 14.714 GC heap after
{Heap after GC invocations=18 (full 0):
 garbage-first heap   total 66560K, used 31844K [0x0000000081600000, 0x0000000100000000)
  region size 1024K, 1 young (1024K), 1 survivors (1024K)
 Metaspace       used 60191K, committed 60608K, reserved 1105920K
  class space    used 8206K, committed 8384K, reserved 1048576K
}
Event: 14.980 GC heap before
{Heap before GC invocations=19 (full 0):
 garbage-first heap   total 66560K, used 54372K [0x0000000081600000, 0x0000000100000000)
  region size 1024K, 23 young (23552K), 1 survivors (1024K)
 Metaspace       used 60222K, committed 60864K, reserved 1105920K
  class space    used 8212K, committed 8512K, reserved 1048576K
}
Event: 14.982 GC heap after
{Heap after GC invocations=20 (full 0):
 garbage-first heap   total 66560K, used 31601K [0x0000000081600000, 0x0000000100000000)
  region size 1024K, 1 young (1024K), 1 survivors (1024K)
 Metaspace       used 60222K, committed 60864K, reserved 1105920K
  class space    used 8212K, committed 8512K, reserved 1048576K
}
Event: 16.354 GC heap before
{Heap before GC invocations=20 (full 0):
 garbage-first heap   total 66560K, used 54129K [0x0000000081600000, 0x0000000100000000)
  region size 1024K, 23 young (23552K), 1 survivors (1024K)
 Metaspace       used 62014K, committed 62528K, reserved 1105920K
  class space    used 8557K, committed 8832K, reserved 1048576K
}
Event: 16.358 GC heap after
{Heap after GC invocations=21 (full 0):
 garbage-first heap   total 66560K, used 32922K [0x0000000081600000, 0x0000000100000000)
  region size 1024K, 2 young (2048K), 2 survivors (2048K)
 Metaspace       used 62014K, committed 62528K, reserved 1105920K
  class space    used 8557K, committed 8832K, reserved 1048576K
}
Event: 18.567 GC heap before
{Heap before GC invocations=22 (full 0):
 garbage-first heap   total 66560K, used 54426K [0x0000000081600000, 0x0000000100000000)
  region size 1024K, 23 young (23552K), 2 survivors (2048K)
 Metaspace       used 64357K, committed 64896K, reserved 1105920K
  class space    used 8887K, committed 9152K, reserved 1048576K
}
Event: 18.574 GC heap after
{Heap after GC invocations=23 (full 0):
 garbage-first heap   total 66560K, used 35046K [0x0000000081600000, 0x0000000100000000)
  region size 1024K, 3 young (3072K), 3 survivors (3072K)
 Metaspace       used 64357K, committed 64896K, reserved 1105920K
  class space    used 8887K, committed 9152K, reserved 1048576K
}

Deoptimization events (20 events):
Event: 18.691 Thread 0x000002645cf89ad0 DEOPT PACKING pc=0x0000026446898dfb sp=0x000000f8c71fa970
Event: 18.691 Thread 0x000002645cf89ad0 DEOPT UNPACKING pc=0x0000026445a52b43 sp=0x000000f8c71f9e30 mode 0
Event: 18.826 Thread 0x000002645cf89ad0 Uncommon trap: trap_request=0xffffff45 fr.pc=0x000002644d6b9e50 relative=0x0000000000000210
Event: 18.826 Thread 0x000002645cf89ad0 Uncommon trap: reason=unstable_if action=reinterpret pc=0x000002644d6b9e50 method=org.springframework.beans.factory.support.AbstractAutowireCapableBeanFactory.determineTargetType(Ljava/lang/String;Lorg/springframework/beans/factory/support/RootBeanDefinit
Event: 18.826 Thread 0x000002645cf89ad0 DEOPT PACKING pc=0x000002644d6b9e50 sp=0x000000f8c71fd400
Event: 18.826 Thread 0x000002645cf89ad0 DEOPT UNPACKING pc=0x0000026445a523a3 sp=0x000000f8c71fd3b8 mode 2
Event: 18.855 Thread 0x000002645cf89ad0 Uncommon trap: trap_request=0xffffff45 fr.pc=0x000002644d4da534 relative=0x00000000000001b4
Event: 18.855 Thread 0x000002645cf89ad0 Uncommon trap: reason=unstable_if action=reinterpret pc=0x000002644d4da534 method=java.lang.String.isLatin1()Z @ 10 c2
Event: 18.855 Thread 0x000002645cf89ad0 DEOPT PACKING pc=0x000002644d4da534 sp=0x000000f8c71fc1a0
Event: 18.855 Thread 0x000002645cf89ad0 DEOPT UNPACKING pc=0x0000026445a523a3 sp=0x000000f8c71fc0d0 mode 2
Event: 18.990 Thread 0x000002645cf89ad0 Uncommon trap: trap_request=0xffffffde fr.pc=0x000002644d657508 relative=0x0000000000000168
Event: 18.990 Thread 0x000002645cf89ad0 Uncommon trap: reason=class_check action=maybe_recompile pc=0x000002644d657508 method=java.lang.reflect.Method.equals(Ljava/lang/Object;)Z @ 1 c2
Event: 18.990 Thread 0x000002645cf89ad0 DEOPT PACKING pc=0x000002644d657508 sp=0x000000f8c71fd9a0
Event: 18.990 Thread 0x000002645cf89ad0 DEOPT UNPACKING pc=0x0000026445a523a3 sp=0x000000f8c71fd928 mode 2
Event: 19.147 Thread 0x000002645cf89ad0 DEOPT PACKING pc=0x0000026446735de8 sp=0x000000f8c71facd0
Event: 19.147 Thread 0x000002645cf89ad0 DEOPT UNPACKING pc=0x0000026445a52b43 sp=0x000000f8c71fa270 mode 0
Event: 19.149 Thread 0x000002645cf89ad0 Uncommon trap: trap_request=0xffffff54 fr.pc=0x000002644d5c3b8c relative=0x00000000000006ec
Event: 19.149 Thread 0x000002645cf89ad0 Uncommon trap: reason=speculate_null_assert action=make_not_entrant pc=0x000002644d5c3b8c method=org.springframework.util.ConcurrentReferenceHashMap$Segment.restructureIfNecessary(Z)V @ 41 c2
Event: 19.150 Thread 0x000002645cf89ad0 DEOPT PACKING pc=0x000002644d5c3b8c sp=0x000000f8c71fadb0
Event: 19.150 Thread 0x000002645cf89ad0 DEOPT UNPACKING pc=0x0000026445a523a3 sp=0x000000f8c71fac08 mode 2

Classes unloaded (1 events):
Event: 16.452 Thread 0x000002645ba0dfb0 Unloading class 0x00000008013f0000 'jdk/internal/reflect/GeneratedSerializationConstructorAccessor1'

Classes redefined (0 events):
No events

Internal exceptions (20 events):
Event: 13.887 Thread 0x000002645cf89ad0 Exception <a 'java/lang/IncompatibleClassChangeError'{0x0000000084b17c98}: Found class java.lang.Object, but interface was expected> (0x0000000084b17c98) 
thrown [s\open\src\hotspot\share\interpreter\linkResolver.cpp, line 826]
Event: 14.110 Thread 0x000002645cf89ad0 Exception <a 'java/lang/IncompatibleClassChangeError'{0x00000000848a0610}: Found class java.lang.Object, but interface was expected> (0x00000000848a0610) 
thrown [s\open\src\hotspot\share\interpreter\linkResolver.cpp, line 826]
Event: 14.207 Thread 0x000002645cf89ad0 Exception <a 'java/lang/IncompatibleClassChangeError'{0x0000000084636770}: Found class java.lang.Object, but interface was expected> (0x0000000084636770) 
thrown [s\open\src\hotspot\share\interpreter\linkResolver.cpp, line 826]
Event: 14.678 Thread 0x000002645cf89ad0 Exception <a 'java/lang/IncompatibleClassChangeError'{0x0000000083eca870}: Found class java.lang.Object, but interface was expected> (0x0000000083eca870) 
thrown [s\open\src\hotspot\share\interpreter\linkResolver.cpp, line 826]
Event: 15.120 Thread 0x000002645cf89ad0 Exception <a 'java/lang/reflect/InvocationTargetException'{0x0000000084da9908}> (0x0000000084da9908) 
thrown [s\open\src\hotspot\share\runtime\reflection.cpp, line 1121]
Event: 15.146 Thread 0x000002645cf89ad0 Exception <a 'java/lang/NoSuchMethodError'{0x0000000084c12f40}: 'int java.lang.invoke.DirectMethodHandle$Holder.invokeStatic(java.lang.Object, java.lang.Object, int)'> (0x0000000084c12f40) 
thrown [s\open\src\hotspot\share\interpreter\linkResolver.cpp, line 759]
Event: 15.159 Thread 0x000002645cf89ad0 Exception <a 'java/lang/IncompatibleClassChangeError'{0x0000000084c5c7b8}: Found class java.lang.Object, but interface was expected> (0x0000000084c5c7b8) 
thrown [s\open\src\hotspot\share\interpreter\linkResolver.cpp, line 826]
Event: 15.272 Thread 0x000002645cf89ad0 Exception <a 'java/lang/NoSuchMethodError'{0x0000000084a219d0}: 'java.lang.Object java.lang.invoke.DirectMethodHandle$Holder.invokeStatic(java.lang.Object, int, java.lang.Object)'> (0x0000000084a219d0) 
thrown [s\open\src\hotspot\share\interpreter\linkResolver.cpp, line 759]
Event: 15.393 Thread 0x000002645cf89ad0 Exception <a 'sun/nio/fs/WindowsException'{0x00000000848050a8}> (0x00000000848050a8) 
thrown [s\open\src\hotspot\share\prims\jni.cpp, line 516]
Event: 15.522 Thread 0x000002645cf89ad0 Exception <a 'java/lang/reflect/InvocationTargetException'{0x00000000846401e0}> (0x00000000846401e0) 
thrown [s\open\src\hotspot\share\runtime\reflection.cpp, line 1121]
Event: 16.019 Thread 0x000002645cf89ad0 Exception <a 'java/lang/NoSuchMethodError'{0x0000000084310da0}: 'java.lang.Object java.lang.invoke.DirectMethodHandle$Holder.newInvokeSpecial(java.lang.Object, java.lang.Object, int, java.lang.Object, java.lang.Object)'> (0x0000000084310da0) 
thrown [s\open\src\hotspot\share\interpreter\linkResolver.cpp, line 759]
Event: 16.584 Thread 0x000002645cf89ad0 Exception <a 'java/lang/IncompatibleClassChangeError'{0x0000000085785190}: Found class java.lang.Object, but interface was expected> (0x0000000085785190) 
thrown [s\open\src\hotspot\share\interpreter\linkResolver.cpp, line 826]
Event: 16.619 Thread 0x000002645cf89ad0 Exception <a 'java/lang/NoSuchMethodError'{0x00000000856185d8}: 'java.lang.Object java.lang.invoke.DirectMethodHandle$Holder.invokeStatic(java.lang.Object, int, java.lang.Object, java.lang.Object, java.lang.Object)'> (0x00000000856185d8) 
thrown [s\open\src\hotspot\share\interpreter\linkResolver.cpp, line 759]
Event: 16.640 Thread 0x000002645cf89ad0 Exception <a 'java/lang/reflect/InvocationTargetException'{0x00000000856af678}> (0x00000000856af678) 
thrown [s\open\src\hotspot\share\runtime\reflection.cpp, line 1121]
Event: 16.750 Thread 0x000002645cf89ad0 Exception <a 'java/lang/reflect/InvocationTargetException'{0x00000000854b5298}> (0x00000000854b5298) 
thrown [s\open\src\hotspot\share\runtime\reflection.cpp, line 1121]
Event: 16.877 Thread 0x000002645cf89ad0 Exception <a 'java/lang/reflect/InvocationTargetException'{0x00000000852510a8}> (0x00000000852510a8) 
thrown [s\open\src\hotspot\share\runtime\reflection.cpp, line 1121]
Event: 18.513 Thread 0x000002645cf89ad0 Exception <a 'sun/nio/fs/WindowsException'{0x00000000843a8468}> (0x00000000843a8468) 
thrown [s\open\src\hotspot\share\prims\jni.cpp, line 516]
Event: 18.661 Thread 0x000002645cf89ad0 Exception <a 'java/lang/IncompatibleClassChangeError'{0x000000008564e070}: Found class java.lang.Object, but interface was expected> (0x000000008564e070) 
thrown [s\open\src\hotspot\share\interpreter\linkResolver.cpp, line 826]
Event: 18.944 Thread 0x000002645cf89ad0 Exception <a 'java/lang/NoSuchMethodError'{0x00000000852d0f10}: 'java.lang.Object java.lang.invoke.DirectMethodHandle$Holder.invokeInterface(java.lang.Object, java.lang.Object, java.lang.Object, java.lang.Object)'> (0x00000000852d0f10) 
thrown [s\open\src\hotspot\share\interpreter\linkResolver.cpp, line 759]
Event: 19.177 Thread 0x000002645cf89ad0 Exception <a 'java/lang/NoSuchMethodError'{0x0000000084d3bf10}: 'void java.lang.invoke.DirectMethodHandle$Holder.invokeVirtual(java.lang.Object, java.lang.Object, long)'> (0x0000000084d3bf10) 
thrown [s\open\src\hotspot\share\interpreter\linkResolver.cpp, line 759]

VM Operations (20 events):
Event: 16.437 Executing VM operation: G1Concurrent
Event: 16.468 Executing VM operation: G1Concurrent done
Event: 16.501 Executing VM operation: G1Concurrent
Event: 16.516 Executing VM operation: G1Concurrent done
Event: 17.262 Executing VM operation: HandshakeAllThreads
Event: 17.262 Executing VM operation: HandshakeAllThreads done
Event: 18.207 Executing VM operation: HandshakeAllThreads
Event: 18.207 Executing VM operation: HandshakeAllThreads done
Event: 18.207 Executing VM operation: Cleanup
Event: 18.208 Executing VM operation: Cleanup done
Event: 18.297 Executing VM operation: HandshakeAllThreads
Event: 18.297 Executing VM operation: HandshakeAllThreads done
Event: 18.388 Executing VM operation: HandshakeAllThreads
Event: 18.388 Executing VM operation: HandshakeAllThreads done
Event: 18.389 Executing VM operation: HandshakeAllThreads
Event: 18.389 Executing VM operation: HandshakeAllThreads done
Event: 18.567 Executing VM operation: G1CollectForAllocation
Event: 18.575 Executing VM operation: G1CollectForAllocation done
Event: 19.149 Executing VM operation: HandshakeAllThreads
Event: 19.149 Executing VM operation: HandshakeAllThreads done

Events (20 events):
Event: 16.553 loading class java/util/zip/GZIPOutputStream
Event: 16.565 loading class java/util/zip/DeflaterOutputStream
Event: 16.565 loading class java/util/zip/DeflaterOutputStream done
Event: 16.565 loading class java/util/zip/GZIPOutputStream done
Event: 16.599 Thread 0x000002645d929940 Thread exited: 0x000002645d929940
Event: 16.712 loading class sun/reflect/annotation/AnnotationInvocationHandler$1
Event: 16.712 loading class sun/reflect/annotation/AnnotationInvocationHandler$1 done
Event: 17.261 loading class java/util/ArrayList$ListItr
Event: 17.262 loading class java/util/ArrayList$ListItr done
Event: 18.351 loading class java/util/Comparators$NullComparator
Event: 18.351 loading class java/util/Comparators$NullComparator done
Event: 18.559 loading class java/util/EnumMap$EntrySet
Event: 18.559 loading class java/util/EnumMap$EntrySet done
Event: 18.560 loading class java/util/EnumMap$EntryIterator
Event: 18.560 loading class java/util/EnumMap$EnumMapIterator
Event: 18.560 loading class java/util/EnumMap$EnumMapIterator done
Event: 18.560 loading class java/util/EnumMap$EntryIterator done
Event: 19.151 Thread 0x000002645ba50050 flushing nmethod 0x000002644d760310
Event: 19.153 Thread 0x000002645ba50050 flushing nmethod 0x0000026446186890
Event: 19.154 Thread 0x000002645ba50050 flushing nmethod 0x0000026446242990


Dynamic libraries:
0x00007ff64f580000 - 0x00007ff64f590000 	C:\Program Files\Java\jdk-17.0.5\bin\java.exe
0x00007ffd67f90000 - 0x00007ffd68188000 	C:\WINDOWS\SYSTEM32\ntdll.dll
0x00007ffd67b00000 - 0x00007ffd67bbd000 	C:\WINDOWS\System32\KERNEL32.DLL
0x00007ffd65810000 - 0x00007ffd65b06000 	C:\WINDOWS\System32\KERNELBASE.dll
0x00007ffd65b10000 - 0x00007ffd65c10000 	C:\WINDOWS\System32\ucrtbase.dll
0x00007ffd623d0000 - 0x00007ffd623ea000 	C:\Program Files\Java\jdk-17.0.5\bin\VCRUNTIME140.dll
0x00007ffd618c0000 - 0x00007ffd618d8000 	C:\Program Files\Java\jdk-17.0.5\bin\jli.dll
0x00007ffd67e00000 - 0x00007ffd67eb3000 	C:\WINDOWS\System32\ADVAPI32.dll
0x00007ffd65fd0000 - 0x00007ffd6606e000 	C:\WINDOWS\System32\msvcrt.dll
0x00007ffd67c20000 - 0x00007ffd67cbf000 	C:\WINDOWS\System32\sechost.dll
0x00007ffd67cd0000 - 0x00007ffd67df6000 	C:\WINDOWS\System32\RPCRT4.dll
0x00007ffd65fa0000 - 0x00007ffd65fc7000 	C:\WINDOWS\System32\bcrypt.dll
0x00007ffd67340000 - 0x00007ffd674de000 	C:\WINDOWS\System32\USER32.dll
0x00007ffd65650000 - 0x00007ffd65672000 	C:\WINDOWS\System32\win32u.dll
0x00007ffd4ecf0000 - 0x00007ffd4ef8a000 	C:\WINDOWS\WinSxS\amd64_microsoft.windows.common-controls_6595b64144ccf1df_6.0.19041.3636_none_60b6a03d71f818d5\COMCTL32.dll
0x00007ffd67f20000 - 0x00007ffd67f4b000 	C:\WINDOWS\System32\GDI32.dll
0x00007ffd656f0000 - 0x00007ffd65807000 	C:\WINDOWS\System32\gdi32full.dll
0x00007ffd65dc0000 - 0x00007ffd65e5d000 	C:\WINDOWS\System32\msvcp_win.dll
0x00007ffd555d0000 - 0x00007ffd555da000 	C:\WINDOWS\SYSTEM32\VERSION.dll
0x00007ffd661b0000 - 0x00007ffd661e2000 	C:\WINDOWS\System32\IMM32.DLL
0x00007ffd625c0000 - 0x00007ffd625cc000 	C:\Program Files\Java\jdk-17.0.5\bin\vcruntime140_1.dll
0x00007ffd55e10000 - 0x00007ffd55e9d000 	C:\Program Files\Java\jdk-17.0.5\bin\msvcp140.dll
0x00007ffd0f950000 - 0x00007ffd10512000 	C:\Program Files\Java\jdk-17.0.5\bin\server\jvm.dll
0x00007ffd671a0000 - 0x00007ffd671a8000 	C:\WINDOWS\System32\PSAPI.DLL
0x00007ffd51470000 - 0x00007ffd51497000 	C:\WINDOWS\SYSTEM32\WINMM.dll
0x00007ffd51100000 - 0x00007ffd51109000 	C:\WINDOWS\SYSTEM32\WSOCK32.dll
0x00007ffd672d0000 - 0x00007ffd6733b000 	C:\WINDOWS\System32\WS2_32.dll
0x00007ffd63e50000 - 0x00007ffd63e62000 	C:\WINDOWS\SYSTEM32\kernel.appcore.dll
0x00007ffd625a0000 - 0x00007ffd625aa000 	C:\Program Files\Java\jdk-17.0.5\bin\jimage.dll
0x00007ffd633b0000 - 0x00007ffd63594000 	C:\WINDOWS\SYSTEM32\DBGHELP.DLL
0x00007ffd4c800000 - 0x00007ffd4c834000 	C:\WINDOWS\SYSTEM32\dbgcore.DLL
0x00007ffd65e60000 - 0x00007ffd65ee2000 	C:\WINDOWS\System32\bcryptPrimitives.dll
0x00007ffd62320000 - 0x00007ffd6232e000 	C:\Program Files\Java\jdk-17.0.5\bin\instrument.dll
0x00007ffd60890000 - 0x00007ffd608b5000 	C:\Program Files\Java\jdk-17.0.5\bin\java.dll
0x00007ffd49e50000 - 0x00007ffd49f26000 	C:\Program Files\Java\jdk-17.0.5\bin\jsvml.dll
0x00007ffd666b0000 - 0x00007ffd66df5000 	C:\WINDOWS\System32\SHELL32.dll
0x00007ffd636a0000 - 0x00007ffd63e3c000 	C:\WINDOWS\SYSTEM32\windows.storage.dll
0x00007ffd66350000 - 0x00007ffd666a4000 	C:\WINDOWS\System32\combase.dll
0x00007ffd64f30000 - 0x00007ffd64f5e000 	C:\WINDOWS\SYSTEM32\Wldp.dll
0x00007ffd66280000 - 0x00007ffd6634d000 	C:\WINDOWS\System32\OLEAUT32.dll
0x00007ffd671c0000 - 0x00007ffd6726d000 	C:\WINDOWS\System32\SHCORE.dll
0x00007ffd67ec0000 - 0x00007ffd67f15000 	C:\WINDOWS\System32\shlwapi.dll
0x00007ffd65580000 - 0x00007ffd655a5000 	C:\WINDOWS\SYSTEM32\profapi.dll
0x00007ffd5f5e0000 - 0x00007ffd5f5f8000 	C:\Program Files\Java\jdk-17.0.5\bin\zip.dll
0x00007ffd60850000 - 0x00007ffd60869000 	C:\Program Files\Java\jdk-17.0.5\bin\net.dll
0x00007ffd59910000 - 0x00007ffd59a1a000 	C:\WINDOWS\SYSTEM32\WINHTTP.dll
0x00007ffd64cb0000 - 0x00007ffd64d1a000 	C:\WINDOWS\system32\mswsock.dll
0x00007ffd5f600000 - 0x00007ffd5f616000 	C:\Program Files\Java\jdk-17.0.5\bin\nio.dll
0x00007ffd5ea10000 - 0x00007ffd5ea2a000 	C:\Program Files\JetBrains\IntelliJ IDEA Community Edition 2022.3.2\bin\breakgen64.dll
0x00007ffd60820000 - 0x00007ffd60829000 	C:\Program Files\Java\jdk-17.0.5\bin\management.dll
0x00007ffd60320000 - 0x00007ffd6032b000 	C:\Program Files\Java\jdk-17.0.5\bin\management_ext.dll
0x00007ffd649c0000 - 0x00007ffd649fb000 	C:\WINDOWS\SYSTEM32\IPHLPAPI.DLL
0x00007ffd67cc0000 - 0x00007ffd67cc8000 	C:\WINDOWS\System32\NSI.dll
0x00007ffd5c530000 - 0x00007ffd5c547000 	C:\WINDOWS\SYSTEM32\dhcpcsvc6.DLL
0x00007ffd5c510000 - 0x00007ffd5c52d000 	C:\WINDOWS\SYSTEM32\dhcpcsvc.DLL
0x00007ffd64a00000 - 0x00007ffd64acb000 	C:\WINDOWS\SYSTEM32\DNSAPI.dll
0x00007ffd5e960000 - 0x00007ffd5e96a000 	C:\Windows\System32\rasadhlp.dll
0x00007ffd59100000 - 0x00007ffd59180000 	C:\WINDOWS\System32\fwpuclnt.dll
0x00007ffd5f510000 - 0x00007ffd5f51e000 	C:\Program Files\Java\jdk-17.0.5\bin\sunmscapi.dll
0x00007ffd65c10000 - 0x00007ffd65d6d000 	C:\WINDOWS\System32\CRYPT32.dll
0x00007ffd64fa0000 - 0x00007ffd64fc8000 	C:\WINDOWS\SYSTEM32\ncrypt.dll
0x00007ffd64f60000 - 0x00007ffd64f9b000 	C:\WINDOWS\SYSTEM32\NTASN1.dll
0x00007ffd65280000 - 0x00007ffd65298000 	C:\WINDOWS\SYSTEM32\CRYPTSP.dll
0x00007ffd64600000 - 0x00007ffd64634000 	C:\WINDOWS\system32\rsaenh.dll
0x00007ffd65540000 - 0x00007ffd6556e000 	C:\WINDOWS\SYSTEM32\USERENV.dll
0x00007ffd64e40000 - 0x00007ffd64e4c000 	C:\WINDOWS\SYSTEM32\CRYPTBASE.dll
0x00007ffd5e9c0000 - 0x00007ffd5e9d0000 	C:\Program Files\Java\jdk-17.0.5\bin\verify.dll

dbghelp: loaded successfully - version: 4.0.5 - missing functions: none
symbol engine: initialized successfully - sym options: 0x614 - pdb path: .;C:\Program Files\Java\jdk-17.0.5\bin;C:\WINDOWS\SYSTEM32;C:\WINDOWS\WinSxS\amd64_microsoft.windows.common-controls_6595b64144ccf1df_6.0.19041.3636_none_60b6a03d71f818d5;C:\Program Files\Java\jdk-17.0.5\bin\server;C:\Program Files\JetBrains\IntelliJ IDEA Community Edition 2022.3.2\bin

VM Arguments:
jvm_args: -javaagent:C:\Program Files\JetBrains\IntelliJ IDEA Community Edition 2022.3.2\lib\idea_rt.jar=53610:C:\Program Files\JetBrains\IntelliJ IDEA Community Edition 2022.3.2\bin -Dfile.encoding=UTF-8 
java_command: org.example.MemberApplication
java_class_path (initial): C:\Users\jj677\Darakbang\Member\out\production\classes;C:\Users\jj677\Darakbang\Member\out\production\resources;C:\Users\jj677\.gradle\caches\modules-2\files-2.1\org.springframework.boot\spring-boot-starter-web\3.2.3\bf2b775d4f4e6349129c64de30939a5493779706\spring-boot-starter-web-3.2.3.jar;C:\Users\jj677\.gradle\caches\modules-2\files-2.1\org.springframework.boot\spring-boot-starter-data-jpa\3.2.3\1fd0770b23c57627e5a37726fb4060f5bfa4da6f\spring-boot-starter-data-jpa-3.2.3.jar;C:\Users\jj677\.gradle\caches\modules-2\files-2.1\org.springframework.boot\spring-boot-starter-oauth2-client\3.2.3\870f5a2f66abb297d1685c32c778cc2d61540964\spring-boot-starter-oauth2-client-3.2.3.jar;C:\Users\jj677\.gradle\caches\modules-2\files-2.1\org.springframework.boot\spring-boot-starter-security\3.2.3\f6353a8e62be7372b3968ab71e613b5188d55c3b\spring-boot-starter-security-3.2.3.jar;C:\Users\jj677\.gradle\caches\modules-2\files-2.1\org.springframework.boot\spring-boot-starter-validation\3.2.3\6bb79fe1a0760b5cec37bd85e31bd4cc987c8185\spring-boot-starter-validation-3.2.3.jar;C:\Users\jj677\.gradle\caches\modules-2\files-2.1\com.mysql\mysql-connector-j\8.2.0\56d34aea30915904b1c883f1cfae731dd2df6029\mysql-connector-j-8.2.0.jar;C:\Users\jj677\.gradle\caches\modules-2\files-2.1\com.googlecode.json-simple\json-simple\1.1.1\c9ad4a0850ab676c5c64461a05ca524cdfff59f1\json-simple-1.1.1.jar;C:\Users\jj677\.gradle\caches\modules-2\files-2.1\org.springframework.cloud\spring-cloud-starter-openfeign\4.1.0\1ec867ae2e6f9f0bf06b8b65bc79df0b7573f7a3\spring-cloud-starter-openfeign-4.1.0.jar;C:\Users\jj677\.gradle\caches\modules-2\files-2.1\io.jsonwebtoken\jjwt-impl\0.11.5\40a599f0e8a8e4e0701596fbb15e67bfda64fdf0\jjwt-impl-0.11.5.jar;C:\Users\jj677\.gradle\caches\modules-2\files-2.1\io.jsonwebtoken\jjwt-jackson\0.11.5\3b83a06809e98a69402d7333dcf67df6f6ea4579\jjwt-jackson-0.11.5.jar;C:\Users\jj677\.gradle\caches\modules-2\files-2.1\io.jsonwebtoken\jjwt-api\0.11.5\f742940045619d06383e7
Launcher Type: SUN_STANDARD

[Global flags]
     intx CICompilerCount                          = 3                                         {product} {ergonomic}
     uint ConcGCThreads                            = 1                                         {product} {ergonomic}
     uint G1ConcRefinementThreads                  = 4                                         {product} {ergonomic}
   size_t G1HeapRegionSize                         = 1048576                                   {product} {ergonomic}
    uintx GCDrainStackTargetSize                   = 64                                        {product} {ergonomic}
   size_t InitialHeapSize                          = 134217728                                 {product} {ergonomic}
   size_t MarkStackSize                            = 4194304                                   {product} {ergonomic}
   size_t MaxHeapSize                              = 2124414976                                {product} {ergonomic}
   size_t MaxNewSize                               = 1274019840                                {product} {ergonomic}
   size_t MinHeapDeltaBytes                        = 1048576                                   {product} {ergonomic}
   size_t MinHeapSize                              = 8388608                                   {product} {ergonomic}
    uintx NonNMethodCodeHeapSize                   = 5832780                                {pd product} {ergonomic}
    uintx NonProfiledCodeHeapSize                  = 122912730                              {pd product} {ergonomic}
    uintx ProfiledCodeHeapSize                     = 122912730                              {pd product} {ergonomic}
    uintx ReservedCodeCacheSize                    = 251658240                              {pd product} {ergonomic}
     bool SegmentedCodeCache                       = true                                      {product} {ergonomic}
   size_t SoftMaxHeapSize                          = 2124414976                             {manageable} {ergonomic}
     bool UseCompressedClassPointers               = true                           {product lp64_product} {ergonomic}
     bool UseCompressedOops                        = true                           {product lp64_product} {ergonomic}
     bool UseG1GC                                  = true                                      {product} {ergonomic}
     bool UseLargePagesIndividualAllocation        = false                                  {pd product} {ergonomic}

Logging:
Log output configuration:
 #0: stdout all=warning uptime,level,tags
 #1: stderr all=off uptime,level,tags

Environment Variables:
JAVA_HOME=C:\Program Files\Java\jdk-11.0.17
PATH=C:\Program Files\Common Files\Oracle\Java\javapath;C:\WINDOWS\system32;C:\WINDOWS;C:\WINDOWS\System32\Wbem;C:\WINDOWS\System32\WindowsPowerShell\v1.0\;C:\WINDOWS\System32\OpenSSH\;C:\Program Files\Git\cmd;C:\MinGW\bin;C:\Program Files\Java\jdk-11.0.17\bin;C:\Program Files\Java\jdk-17.0.5;C:\maven\apache-maven-3.9.1\bin;C:\Program Files\MySQL\MySQL Server 8.0\bin;C:\Program Files\nodejs\;C:\Program Files\Vagrant\bin;C:\Program Files\Docker\Docker\resources\bin;C:\Program Files\MySQL\MySQL Shell 8.0\bin\;C:\Users\jj677\AppData\Local\Microsoft\WindowsApps;C:\Users\jj677\AppData\Local\Programs\Microsoft VS Code\bin;C:\Program Files\MariaDB 10.6\bin;C:\Users\jj677\AppData\Roaming\npm
USERNAME=jj677
OS=Windows_NT
PROCESSOR_IDENTIFIER=Intel64 Family 6 Model 142 Stepping 9, GenuineIntel



---------------  S Y S T E M  ---------------

OS:
 Windows 10 , 64 bit Build 19041 (10.0.19041.3636)
OS uptime: 2 days 10:43 hours
Hyper-V role detected

CPU: total 4 (initial active 4) (2 cores per cpu, 2 threads per core) family 6 model 142 stepping 9 microcode 0xb4, cx8, cmov, fxsr, ht, mmx, 3dnowpref, sse, sse2, sse3, ssse3, sse4.1, sse4.2, popcnt, lzcnt, tsc, tscinvbit, avx, avx2, aes, erms, clmul, bmi1, bmi2, adx, fma, vzeroupper, clflush, clflushopt, hv

Memory: 4k page, system-wide physical 8103M (447M free)
TotalPageFile size 32679M (AvailPageFile size 2M)
current process WorkingSet (physical memory assigned to process): 271M, peak: 275M
current process commit charge ("private bytes"): 303M, peak: 308M

vm_info: Java HotSpot(TM) 64-Bit Server VM (17.0.5+9-LTS-191) for windows-amd64 JRE (17.0.5+9-LTS-191), built on Sep 13 2022 17:31:43 by "mach5one" with MS VC++ 16.8 / 16.9 (VS2019)

END.
